0:100  0:100  MemLog inited, TSC freq: 2304054940
0:100  0:000  CPU was calibrated with RTC
0:100  0:000  
0:100  0:000  Now is 25.7.2019,  11:35:13 (GMT)
0:100  0:000  Starting Clover revision: 4851 on Phoenix Technologies Ltd. EFI
0:100  0:000  Build with: [Args: -mc --no-usb -D NO_GRUB_DRIVERS_EMBEDDED -t XCODE8 | -D DISABLE_USB_SUPPORT -D NO_GRUB_DRIVERS_EMBEDDED --conf=/Users/aron/src/edk2/Conf -D USE_BIOS_BLOCKIO -D USE_LOW_EBDA -a X64 -b RELEASE -t XCODE8 -n 9 | OS: 10.14.2 | XCODE: 10.1]
0:100  0:000  SelfDevicePath=PciRoot(0x0)\Pci(0x1D,0x0)\Pci(0x0,0x0)\NVMe(0x1,81-3B-B0-61-5C-38-25-00)\HD(2,GPT,2BF00971-674B-4B09-80F2-5C7C4AEE807B,0xFA000,0x32000) @B228C498
0:100  0:000  SelfDirPath = \EFI\CLOVER
0:100  0:000  === [ Get Smbios ] ========================================
0:100  0:000  Type 16 Index = 0
0:100  0:000  Total Memory Slots Count = 2
0:100  0:000  Type 17 Index = 0
0:100  0:000  SmbiosTable.Type17->Speed = 2133MHz
0:100  0:000  SmbiosTable.Type17->Size = 8192MB
0:100  0:000  SmbiosTable.Type17->Bank/Device = BANK 0 ChannelA-DIMM0
0:100  0:000  SmbiosTable.Type17->Vendor = SK Hynix
0:100  0:000  SmbiosTable.Type17->SerialNumber = 39110714
0:100  0:000  SmbiosTable.Type17->PartNumber = HMA41GS6AFR8N-TF    
0:100  0:000  Type 17 Index = 1
0:100  0:000  Ignoring insane frequency value 0MHz
0:100  0:000  SmbiosTable.Type17->Speed = 0MHz
0:100  0:000  SmbiosTable.Type17->Size = 0MB
0:100  0:000  SmbiosTable.Type17->Bank/Device = BANK 1 ChannelA-DIMM1
0:100  0:000  SmbiosTable.Type17->Vendor = <null string>
0:100  0:000  SmbiosTable.Type17->SerialNumber = <null string>
0:100  0:000  SmbiosTable.Type17->PartNumber = <null string>
0:100  0:000  Boot status=0
0:100  0:000  Running on: '80RU' with board 'Lenovo ideapad 700-15ISK'
0:100  0:000  === [ GetCPUProperties ] ==================================
0:100  0:000  CPU Vendor = 756E6547 Model=506E3
0:100  0:000   The CPU supported SSE4.1
0:100  0:000  BrandString = Intel(R) Core(TM) i5-6300HQ CPU @ 2.30GHz
0:100  0:000   The CPU supported turbo
0:100  0:000  MSR 0x35               40004
0:100  0:000   TSC/CCC Information Leaf:
0:100  0:000    numerator     : 192
0:100  0:000    denominator   : 2
0:100  0:000   Calibrated ARTFrequency: 24000572
0:100  0:000  MSR 0xE2 before patch 7E008006
0:100  0:000  MSR 0xE2 is locked, PM patches will be turned on
0:100  0:000  MSR 0xCE              0008083B_F1011700
0:100  0:000  corrected FLEX_RATIO = 0
0:100  0:000  MSR 0x1B0             00000000
0:100  0:000  FSBFrequency = 100 MHz, DMI FSBFrequency = 100 MHz, Corrected FSBFrequency = 100 MHz
0:100  0:000  MaxDiv/MinDiv: 23.0/8
0:100  0:000  Turbo: 28/29/30/32
0:100  0:000  Features: 0xBFEBFBFF
0:100  0:000  Threads: 4
0:100  0:000  Cores: 4
0:100  0:000  FSB: 100 MHz
0:100  0:000  CPU: 2300 MHz
0:100  0:000  TSC: 2300 MHz
0:100  0:000  PIS: 100 MHz
0:100  0:000  ExternalClock: 25 MHz
0:100  0:000  === [ GetDevices ] ========================================
0:100  0:000  PCI (00|00:00.00) : 8086 1910 class=060000
0:100  0:000  PCI (00|00:02.00) : 8086 191B class=030000
0:100  0:000   - GFX: Model=Intel HD Graphics 530 (Intel)
0:100  0:000  PCI (00|00:14.00) : 8086 A12F class=0C0330
0:100  0:000  PCI (00|00:14.02) : 8086 A131 class=118000
0:100  0:000  PCI (00|00:15.01) : 8086 A161 class=118000
0:100  0:000  PCI (00|00:16.00) : 8086 A13A class=078000
0:100  0:000  PCI (00|00:17.00) : 8086 A103 class=010601
0:100  0:000  PCI (00|00:1C.00) : 8086 A114 class=060400
0:100  0:000  PCI (00|02:00.00) : 8086 3166 class=028000
0:100  0:000   - WIFI: Vendor=Intel
0:100  0:000  PCI (00|00:1C.05) : 8086 A115 class=060400
0:100  0:000  PCI (00|03:00.00) : 10EC 8168 class=020000
0:100  0:000   - LAN: 0 Vendor=Realtek
0:100  0:000  PCI (00|00:1D.00) : 8086 A118 class=060400
0:101  0:000  PCI (00|04:00.00) : 144D A804 class=010802
0:101  0:000  PCI (00|00:1E.00) : 8086 A127 class=118000
0:101  0:000  PCI (00|00:1F.00) : 8086 A14E class=060100
0:101  0:000  PCI (00|00:1F.02) : 8086 A121 class=058000
0:101  0:000  PCI (00|00:1F.03) : 8086 A170 class=040300
0:101  0:000  PCI (00|00:1F.04) : 8086 A123 class=0C0500
0:101  0:000  === [ GetDefaultSettings ] ================================
0:101  0:000  Clover load options size = 0 bytes
0:102  0:001  EFI\CLOVER\config.plist loaded: Success
0:107  0:004  === [ GetListOfThemes ] ===================================
0:107  0:000  - [00]: embedded
0:108  0:000  - [00]: random
0:108  0:000  === [ Found config plists ] ===============================
0:108  0:000  - config.plist
0:109  0:000  === [ GetEarlyUserSettings ] ==============================
0:109  0:000  timeout set to 0
0:109  0:000  Custom boot CUSTOM_BOOT_DISABLED (0x0)
0:109  0:000  ForceKextsToLoad: 1 requested
0:109  0:000   - [0]: System\Library\Extensions\IONetworkingFamily.kext
0:109  0:000  KextsToPatch: 7 requested
0:109  0:000   - [00]: com.apple.driver.AppleIntelSKLGraphicsFramebuffer (Enable lid wake for 0x19260004 credit syscl/lighting/Yating Zhou) :: BinPatch :: data len: 16
0:109  0:000   - patch disabled at config
0:109  0:000   - [01]: com.apple.driver.AppleIntelSKLGraphicsFramebuffer (Enable lid wake for 0x19260002 credit syscl/lighting/Yating Zhou) :: BinPatch :: data len: 16
0:109  0:000   - patch disabled at config
0:109  0:000   - [02]: IOGraphicsFamily (Boot graphics glitch, 10.12.x (credit Vanilla, based on lisai9093, cecekpawon's patch) :: BinPatch :: data len: 5
0:109  0:000   - patch disabled at config
0:109  0:000   - [03]: AppleUSBXHCIPCI (Unlock 31 Ports at Intel 100 Series Chipset at macOS Sierra) :: BinPatch :: data len: 7
0:109  0:000   - [04]: com.apple.driver.AppleIntelSKLGraphicsFramebuffer (Disable minStolenSize less or equal fStolenMemorySize assertion, 10.12.0 ( (based on Austere.J patch)) :: MatchOS: 10.12.x :: BinPatch :: data len: 7
0:109  0:000   - [05]: com.apple.driver.AppleIntelSKLGraphicsFramebuffer (Disable minStolenSize less or equal fStolenMemorySize assertion, 10.11.4 ( (based on Austere.J patch)) :: MatchOS: 10.11.x :: BinPatch :: data len: 5
0:109  0:000   - [06]: com.apple.driver.AppleIntelSKLGraphicsFramebuffer (eDP, port 0000, 0x191e0000, 0x19160000, 0x19260000, 0x19270000, 0x191b0000, 0x19160002, 0x19260002, 0x191e0003, 0x19260004, 0x19270004, 0x193b0005 credit syscl) :: BinPatch :: data len: 20
0:109  0:000   - patch disabled at config
0:109  0:000  Default theme: BGM
0:109  0:000  Hiding entries with string VM
0:109  0:000  Hiding entries with string Recover
0:109  0:000  Hiding entries with string Preboot
0:109  0:000  ** Warning: unknown custom entry Type 'Other'
0:109  0:000  === [ LoadDrivers ] =======================================
0:109  0:000  Loading APFS.efi  status=Success
0:121  0:011   - driver needs connecting
0:121  0:000  Loading EmuVariableUefi-64.efi  status=Success
0:124  0:002  EmuVariableUefi Initialize: VariableCommonInitialize = Success, orig services stored, install gEmuVariableControlProtocolGuid = Success
0:124  0:000  Loading FSInject-64.efi  status=Success
0:126  0:002  Loading HFSPlus-64.efi  status=Success
0:129  0:002   - driver needs connecting
0:129  0:000  Loading NTFS.efi  status=Success
0:134  0:005   - driver needs connecting
0:134  0:000  Loading OsxAptioFixDrv-64.efi  status=Success
0:137  0:002  Loading OsxFatBinaryDrv-64.efi  status=Success
0:139  0:002  3 drivers needs connecting ...
0:139  0:000  PlatformDriverOverrideProtocol not found. Installing ... Success
0:139  0:000  HFS+ driver loaded
0:139  0:000  APFS driver loaded
0:139  0:000  Searching for invalid DiskIo BY_DRIVER connects: not found, all ok
0:702  0:562  EmuVariable InstallEmulation: orig vars copied, emu.var.services installed, CreateEvent VirtualAddressChange = Success, CreateEvent ExitBootServices = Success, set Status=Success
0:768  0:065  === [ InitScreen ] ========================================
0:768  0:000  SetMaxResolution: found best mode 0: 1920x1080
0:768  0:000   - already set
0:768  0:000  Console modes reported: 6, available modes:
0:768  0:000   - [01]: 80x25
0:768  0:000   - [03]: 240x56 (current mode)
0:768  0:000   - [04]: 100x31
0:768  0:000   - [05]: 128x40
0:768  0:000   - [06]: 160x53
0:768  0:000  SetScreenResolution: 1920x1080 - already set
0:768  0:000  reinit: self device path=PciRoot(0x0)\Pci(0x1D,0x0)\Pci(0x0,0x0)\NVMe(0x1,81-3B-B0-61-5C-38-25-00)\HD(2,GPT,2BF00971-674B-4B09-80F2-5C7C4AEE807B,0xFA000,0x32000)
0:770  0:002  === [ GetMacAddress ] =====================================
0:770  0:000  MAC address of LAN #0= 54:EE:75:AB:D5:7D:
0:770  0:000  MAC address of LAN #1= 54:EE:75:AB:D5:7D:
0:770  0:000  MAC address of LAN #2= 54:EE:75:AB:D5:7D:
0:770  0:000  MAC address of LAN #3= 54:EE:75:AB:D5:7D:
0:770  0:000  === [ ScanSPD ] ===========================================
0:771  0:000  Scanning SMBus [8086:A123], mmio: 0xD132F004, ioport: 0xEFA0, hostc: 0x11
0:789  0:018  Slot: 0 Type 26 8192MB 2134MHz Vendor=SK Hynix PartNo=HMA41GS6AFR8N-TF SerialNo=0207060E0007080E
0:790  0:001  === [ GetAcpiTablesList ] =================================
0:792  0:002  Get Acpi Tables List from RSDT:
0:792  0:000   - [00]: FACP  CB-01    len=244
0:792  0:000   - [01]: TCPA  CB-01    len=50
0:792  0:000   - [02]: SSDT  Tpm2Tabl len=1232
0:792  0:000   - [03]: SSDT  MeSsdt  len=75
0:792  0:000   - [04]: TPM2  CB-01    len=52
0:792  0:000   - [05]: UEFI  CB-01    len=66
0:792  0:000   - [06]: SSDT  SaSsdt  len=14514
0:792  0:000   - [07]: SSDT  PerfTune len=1477
0:792  0:000   - [08]: HPET  CB-01    len=56
0:792  0:000   - [09]: LPIT  CB-01    len=148
0:792  0:000   - [10]: APIC  CB-01    len=188
0:792  0:000   - [11]: MCFG  CB-01    len=60
0:792  0:000   - [12]: WDAT  CB-01    len=308
0:792  0:000   - [13]: SSDT  sensrhub len=584
0:792  0:000   - [14]: SSDT  EInkApp len=724
0:792  0:000   - [15]: SSDT  PtidDevc len=11182
0:792  0:000   - [16]: SSDT  Sata0Ide len=410
0:792  0:000   - [17]: SSDT  UsbCTabl len=2889
0:792  0:000   - [18]: SSDT  zpodd len=1187
0:792  0:000   - [19]: DBGP  CB-01    len=52
0:792  0:000   - [20]: DBG2  CB-01    len=84
0:792  0:000   - [21]: SSDT  xh_rvp10 len=1592
0:792  0:000   - [22]: BOOT  CB-01    len=40
0:792  0:000   - [23]: BATB  CB-01    len=70
0:792  0:000   - [24]: SSDT  Cpu0Ist len=1401
0:792  0:000   - [25]: SSDT  CpuSsdt len=3699
0:792  0:000   - [26]: MSDM  CB-01    len=85
0:792  0:000   - [27]: SLIC  CB-01    len=374
0:792  0:000   - [28]: ASF!  CB-01    len=165
0:792  0:000   - [29]: FPDT  CB-01    len=68
0:792  0:000   - [30]: BGRT  CB-01    len=56
0:792  0:000   - [31]: UEFI  CB-01    len=318
0:792  0:000  Calibrated TSC Frequency = 2304054940 = 2304MHz
0:792  0:000  === [ GetUserSettings ] ===================================
0:792  0:000  Add 1 devices:
0:792  0:000  USB FixOwnership: yes
0:792  0:000  Dropping 3 tables:
0:792  0:000   - [00]: Drop table  signature="#MCF" (46434D23)
0:792  0:000           - set table: 46434D23,                0 to drop: no
0:792  0:000   - [01]: Drop table  signature="DMAR" (52414D44)
0:792  0:000           - set table: 52414D44,                0 to drop: no
0:792  0:000   - [02]: Drop table  signature="SSDT" (54445353) table-id="xh_rvp10" (30317076725F6878)
0:792  0:000           - set table: 54445353, 30317076725F6878 to drop: yes
0:792  0:000   - final DSDT Fix mask=01000000
0:792  0:000  PatchesDSDT: 6 requested
0:792  0:000   - [00]: (change _OSI to XOSI) lenToFind: 4, lenToReplace: 4, Target Bridge: <null string>
0:792  0:000    patch disabled at config
0:792  0:000   - [01]: (change EHC1 to EH01) lenToFind: 4, lenToReplace: 4, Target Bridge: <null string>
0:792  0:000   - [02]: (change EHC2 to EH02) lenToFind: 4, lenToReplace: 4, Target Bridge: <null string>
0:792  0:000   - [03]: (change HDAS to HDEF) lenToFind: 4, lenToReplace: 4, Target Bridge: <null string>
0:792  0:000   - [04]: (change HECI to IMEI) lenToFind: 4, lenToReplace: 4, Target Bridge: <null string>
0:792  0:000   - [05]: (change MEI to IMEI) lenToFind: 4, lenToReplace: 4, Target Bridge: <null string>
0:792  0:000  PluginType: 1
0:792  0:000  Using ProductName from config: MacBookPro13,3
0:792  0:000  Using latest BiosVersion from clover
0:792  0:000  BiosVersion: MBP133.88Z.F000.B00.1810301606
0:792  0:000  BiosReleaseDate: 10/30/2018
0:792  0:000  Using EfiVersion from clover: 251.0.0.0.0
0:792  0:000  Using FirmwareFeatures from clover: 0xFC0FE13F
0:792  0:000  Using FirmwareFeaturesMask from clover: 0xFF1FFF3F
0:792  0:000  Using PlatformFeature from clover: 0x1A
0:792  0:000  Board-ID set from config as Mac-B809C3757DA9BB8D
0:792  0:000  BoardType: 0xA
0:792  0:000  ChassisType: 0xD
0:792  0:000  No AudioIoProtocols, status=Not Found
0:793  0:000  === [ Found DSDT tables ] =================================
0:899  0:106  === [ ScanVolumes ] =======================================
0:899  0:000  Found 16 volumes with blockIO
0:899  0:000  - [00]: Volume: PciRoot(0x0)\Pci(0x1D,0x0)\Pci(0x0,0x0)\NVMe(0x1,81-3B-B0-61-5C-38-25-00)
0:899  0:000          hiding this volume
0:899  0:000  - [01]: Volume: PciRoot(0x0)\Pci(0x1D,0x0)\Pci(0x0,0x0)\NVMe(0x1,81-3B-B0-61-5C-38-25-00)\HD(1,GPT,2848EE9F-289F-4ECC-86AB-00AE7A94DC03,0x800,0xF9800)
0:899  0:000          Result of bootcode detection: bootable Windows (vista,win)
0:899  0:000          hiding this volume
0:899  0:000  - [02]: Volume: PciRoot(0x0)\Pci(0x1D,0x0)\Pci(0x0,0x0)\NVMe(0x1,81-3B-B0-61-5C-38-25-00)\HD(2,GPT,2BF00971-674B-4B09-80F2-5C7C4AEE807B,0xFA000,0x32000)
0:900  0:000          Result of bootcode detection: bootable Windows (vista,win)
0:900  0:000          hiding this volume
0:900  0:000          This is SelfVolume !!
0:900  0:000  - [03]: Volume: PciRoot(0x0)\Pci(0x1D,0x0)\Pci(0x0,0x0)\NVMe(0x1,81-3B-B0-61-5C-38-25-00)\HD(3,GPT,83B8D6E1-869A-4246-888A-DED996E68F56,0x12C000,0x8000)
0:900  0:000          hiding this volume
0:900  0:000  - [04]: Volume: PciRoot(0x0)\Pci(0x1D,0x0)\Pci(0x0,0x0)\NVMe(0x1,81-3B-B0-61-5C-38-25-00)\HD(4,GPT,0C87F4F5-84D1-49CC-8155-05F70F47BED3,0x134000,0xC59AEC5)
0:900  0:000          Result of bootcode detection: bootable Windows (vista,win)
0:900  0:000          hiding this volume
0:900  0:000  - [05]: Volume: PciRoot(0x0)\Pci(0x1D,0x0)\Pci(0x0,0x0)\NVMe(0x1,81-3B-B0-61-5C-38-25-00)\HD(5,GPT,BAA9EC69-0155-4200-BAEA-042B73AE3191,0xC6CF000,0x13C800)
0:900  0:000          Result of bootcode detection: bootable Windows (vista,win)
0:900  0:000          hiding this volume
0:900  0:000  - [06]: Volume: PciRoot(0x0)\Pci(0x1D,0x0)\Pci(0x0,0x0)\NVMe(0x1,81-3B-B0-61-5C-38-25-00)\HD(6,GPT,5CE48528-197A-46B4-B7B5-4324CB5C1238,0xC80C000,0x127800)
0:900  0:000          Result of bootcode detection: bootable Windows (vista,win)
0:900  0:000          hiding this volume
0:900  0:000  - [07]: Volume: PciRoot(0x0)\Pci(0x1D,0x0)\Pci(0x0,0x0)\NVMe(0x1,81-3B-B0-61-5C-38-25-00)\HD(7,GPT,B5F98B39-0DE5-4C8C-7E4F-997F57D65F1A,0xC934000,0x1400000)
0:901  0:000          hiding this volume
0:901  0:000  - [08]: Volume: PciRoot(0x0)\Pci(0x1D,0x0)\Pci(0x0,0x0)\NVMe(0x1,81-3B-B0-61-5C-38-25-00)\HD(8,GPT,3692BF75-A89C-46E4-BDDE-D2AE2FE6C09E,0xDD34000,0xF491000)
0:901  0:000          Result of bootcode detection: bootable Windows (vista,win)
0:901  0:000          hiding this volume
0:901  0:000  - [09]: Volume: PciRoot(0x0)\Pci(0x17,0x0)\Sata(0x2,0x0,0x0)
0:901  0:000  - [10]: Volume: PciRoot(0x0)\Pci(0x17,0x0)\Sata(0x2,0x0,0x0)\HD(1,GPT,B6A9D21B-97C5-4EE2-9683-44F1A16B4C78,0x28,0x64000)
0:901  0:000          Result of bootcode detection: bootable unknown (legacy)
0:903  0:001  - [11]: Volume: PciRoot(0x0)\Pci(0x17,0x0)\Sata(0x2,0x0,0x0)\HD(2,GPT,47CD0F8D-813D-4FC2-9A3C-81E722534E4C,0x64028,0x1BEC0460)
0:903  0:000          Result of bootcode detection: bootable unknown (legacy)
0:903  0:000  - [12]: Volume: PciRoot(0x0)\Pci(0x17,0x0)\Sata(0x2,0x0,0x0)\HD(2,GPT,47CD0F8D-813D-4FC2-9A3C-81E722534E4C,0x64028,0x1BEC0460)\VenMedia(BE74FCF7-0B7C-49F3-9147-01F4042E6842,213EEDD05741F54BA0B6AD74F4CEBFA6)
0:903  0:000          hiding this volume
0:903  0:000  - [13]: Volume: PciRoot(0x0)\Pci(0x17,0x0)\Sata(0x2,0x0,0x0)\HD(2,GPT,47CD0F8D-813D-4FC2-9A3C-81E722534E4C,0x64028,0x1BEC0460)\VenMedia(BE74FCF7-0B7C-49F3-9147-01F4042E6842,DFE6D65C09140A488B552A4F63A9C926)
0:903  0:000  - [14]: Volume: PciRoot(0x0)\Pci(0x17,0x0)\Sata(0x2,0x0,0x0)\HD(2,GPT,47CD0F8D-813D-4FC2-9A3C-81E722534E4C,0x64028,0x1BEC0460)\VenMedia(BE74FCF7-0B7C-49F3-9147-01F4042E6842,17621344D81913419BFDB463023476E1)
0:903  0:000          hiding this volume
0:903  0:000  - [15]: Volume: PciRoot(0x0)\Pci(0x17,0x0)\Sata(0x2,0x0,0x0)\HD(2,GPT,47CD0F8D-813D-4FC2-9A3C-81E722534E4C,0x64028,0x1BEC0460)\VenMedia(BE74FCF7-0B7C-49F3-9147-01F4042E6842,EB518B83BF66AF439CA333B0E5A1BB23)
0:903  0:000          hiding this volume
0:906  0:002  PutNvramPlistToRtVars: nvram.plist not found
0:906  0:000  === [ InitTheme ] =========================================
0:906  0:000  use daylight theme
0:906  0:000   using embedded theme
0:907  0:000  Using embedded font: Success
0:907  0:000  theme inited
0:907  0:000  Chosen embedded theme
0:907  0:000  after NVRAM boot-args=nv_disable=1 kext-dev-mode=1 keepsyms=1
0:907  0:000  === [ Dump SMC keys from NVRAM ] ==========================
0:907  0:000  no AppleSMC protocol
0:907  0:000  === [ AddCustomEntries ] ==================================
0:907  0:000  Custom entry 0 skipped because it is disabled.
0:907  0:000  === [ ScanLoader ] ========================================
0:907  0:000  - [01]: 'b', hidden
0:907  0:000  - [02]: 'EFI', hidden
0:907  0:000  - [04]: '', hidden
0:907  0:000  - [05]: '', hidden
0:907  0:000  - [06]: '', hidden
0:907  0:000  - [07]: 'Install macOS Mojave', hidden
0:907  0:000  - [08]: '', hidden
0:907  0:000  - [10]: 'EFI'
0:907  0:000  - [12]: 'Preboot', hidden
0:907  0:000  - [13]: 'Mac'
0:986  0:078          AddLoaderEntry for Volume Name=Mac
0:986  0:000      Not match custom entry 0: Type: not match
1:004  0:017      Check if volume Is Hibernated:
1:004  0:000      Check sleep image 'by signature':
1:028  0:024      read prefs \Library\Preferences\com.apple.PowerManagement.plist status=Success
1:028  0:000      using default sleep image name = \private\var\vm\sleepimage
1:042  0:014      sleepimage not found -> Not Found
1:042  0:000      hibernated: no - sign
1:083  0:040          AddLoaderEntry for Volume Name=Mac
1:083  0:000          skipped because entry is hidden
1:083  0:000  - [14]: 'Recovery', hidden
1:083  0:000  - [15]: 'VM', hidden
1:083  0:000  === [ AddCustomTool ] =====================================
1:083  0:000  EmuVariable InstallEmulation: EFI_ALREADY_STARTED
1:083  0:000  === [ GetEfiBootDeviceFromNvram ] =========================
1:083  0:000  Default boot entry not found
1:083  0:000  EmuVariable UninstallEmulation: CloseEvent = Success, original var services restored
1:083  0:000  DefaultIndex=-1 and MainMenu.EntryCount=5
1:083  0:000  not run anime
1:145  0:061  GUI ready
19:431  18:285  not run anime
23:025  3:594  not run anime
24:525  1:499  not run anime
26:364  1:839  not run anime
33:236  6:871  BootVariable of the entry is empty
33:236  0:000  === [ StartLoader ] =======================================
33:236  0:000  Finally: ExternalClock=26MHz BusSpeed=100177kHz CPUFreq=2304MHz PIS: hw.busfrequency=104000000Hz
33:237  0:000  Loading boot.efi  status=Success
33:311  0:073  GetOSVersion: 10.14.1 (18B75)
33:311  0:000  CSR_CFG: CSR_ALLOW_UNTRUSTED_KEXTS | CSR_ALLOW_UNRESTRICTED_FS | CSR_ALLOW_TASK_FOR_PID | CSR_ALLOW_UNRESTRICTED_DTRACE | CSR_ALLOW_UNRESTRICTED_NVRAM
33:311  0:000  Filtering KextPatches:
33:311  0:000   - [00]: com.apple.driver.AppleIntelSKLGraphicsFramebuffer (Enable lid wake for 0x19260004 credit syscl/lighting/Yating Zhou) :: BinPatch :: [OS: 10.14.1 | MatchOS: All | MatchBuild: All] ==> disabled by user
33:311  0:000   - [01]: com.apple.driver.AppleIntelSKLGraphicsFramebuffer (Enable lid wake for 0x19260002 credit syscl/lighting/Yating Zhou) :: BinPatch :: [OS: 10.14.1 | MatchOS: All | MatchBuild: All] ==> disabled by user
33:311  0:000   - [02]: IOGraphicsFamily (Boot graphics glitch, 10.12.x (credit Vanilla, based on lisai9093, cecekpawon's patch) :: BinPatch :: [OS: 10.14.1 | MatchOS: All | MatchBuild: All] ==> disabled by user
33:311  0:000   - [03]: AppleUSBXHCIPCI (Unlock 31 Ports at Intel 100 Series Chipset at macOS Sierra) :: BinPatch :: [OS: 10.14.1 | MatchOS: All | MatchBuild: All] ==> allowed
33:311  0:000   - [04]: com.apple.driver.AppleIntelSKLGraphicsFramebuffer (Disable minStolenSize less or equal fStolenMemorySize assertion, 10.12.0 ( (based on Austere.J patch)) :: BinPatch :: [OS: 10.14.1 | MatchOS: 10.12.x | MatchBuild: All] ==> not allowed
33:311  0:000   - [05]: com.apple.driver.AppleIntelSKLGraphicsFramebuffer (Disable minStolenSize less or equal fStolenMemorySize assertion, 10.11.4 ( (based on Austere.J patch)) :: BinPatch :: [OS: 10.14.1 | MatchOS: 10.11.x | MatchBuild: All] ==> not allowed
33:311  0:000   - [06]: com.apple.driver.AppleIntelSKLGraphicsFramebuffer (eDP, port 0000, 0x191e0000, 0x19160000, 0x19260000, 0x19270000, 0x191b0000, 0x19160002, 0x19260002, 0x191e0003, 0x19260004, 0x19270004, 0x193b0005 credit syscl) :: BinPatch :: [OS: 10.14.1 | MatchOS: All | MatchBuild: All] ==> disabled by user
33:311  0:000  Will not patch boot.efi
33:311  0:000  EmuVariable InstallEmulation: orig vars copied, emu.var.services installed, CreateEvent VirtualAddressChange = Success, CreateEvent ExitBootServices = Success, set Status=Success
33:377  0:065  === [ PatchSmbios ] =======================================
33:377  0:000  insert table 9 for dev 0:0
33:377  0:000  insert table 9 for dev 0:0
33:377  0:000  Channels: 1
33:377  0:000  Interleave: 0 1 2 3 4 5 6 7 8 9 10 11 12 13 14 15 16 17 18 19 20 21 22 23
33:377  0:000  SMBIOS Type 17 Index = 0 => 0 0:
33:377  0:000  BANK 0 DIMM0 2134MHz 8192MB
33:377  0:000  SMBIOS Type 17 Index = 1 => 1 1:
33:377  0:000  BANK 0 DIMM1 EMPTY
33:377  0:000  mTotalSystemMemory = 8192
33:377  0:000  NumberOfMemoryDevices = 2
33:377  0:000  Table 131 is present, CPUType=31
33:377  0:000  Change to: 605
33:377  0:000  Table 133 is present, PlatformFeature=4F484B01
33:377  0:000  Change to: 1A
33:377  0:000  === [ PatchACPI ] =========================================
33:377  0:000  Xsdt reallocation done
33:377  0:000  old FADT length=F4
33:378  0:000   SignatureFixup: 0x28C8 -> 0x0
33:381  0:003  Apply DsdtFixMask=0x01000000
33:381  0:000     drop _DSM mask=0x0000
33:381  0:000  === [ FixBiosDsdt ] =======================================
33:381  0:000  Patching DSDT:
33:381  0:000   - [change _OSI to XOSI]: disabled
33:381  0:000   - [change EHC1 to EH01]: pattern 45484331, bin not found / already patched!
33:381  0:000   - [change EHC2 to EH02]: pattern 45484332, bin not found / already patched!
33:382  0:000   - [change HDAS to HDEF]: pattern 48444153, patched at: [ (37BC) (1A27) (86) (D) (A1) (6A) ]
33:382  0:000   - [change HECI to IMEI]: pattern 48454349, patched at: [ (D24D) ]
33:382  0:000   - [change MEI to IMEI]: pattern 4D45495F, bin not found / already patched!
33:382  0:000    0 replacements
33:385  0:002  PreCleanup XSDT: count=32, length=292
33:385  0:000  PreCleanup XSDT, corrected XSDT: count=32, length=292
33:385  0:000  === [ ACPIDropTables ] ====================================
33:385  0:000  Drop tables from XSDT, SIGN=SSDT TableID=xh_rvp10 Length=1592
33:385  0:000   Table[21]: SSDT  xh_rvp10  1592 dropped
33:385  0:000  0. [change _OSI to XOSI]: disabled
33:385  0:000  1. [change EHC1 to EH01]: pattern 45484331, bin not found / already patched!
33:385  0:000  2. [change EHC2 to EH02]: pattern 45484332, bin not found / already patched!
33:385  0:000  3. [change HDAS to HDEF]: pattern 48444153, bin not found / already patched!
33:385  0:000  4. [change HECI to IMEI]: pattern 48454349, bin not found / already patched!
33:385  0:000  5. [change MEI to IMEI]: pattern 4D45495F, bin not found / already patched!
33:385  0:000    0 replacements
33:385  0:000  Found OperationRegion(TPMR, SystemMemory, FED40000, ...)
33:385  0:000  Found OperationRegion(FHCI, SystemMemory, FED40000, ...)
33:385  0:000  Found OperationRegion(TNVS, SystemMemory, BD27E000, ...)
33:385  0:000  0. [change _OSI to XOSI]: disabled
33:385  0:000  1. [change EHC1 to EH01]: pattern 45484331, bin not found / already patched!
33:385  0:000  2. [change EHC2 to EH02]: pattern 45484332, bin not found / already patched!
33:385  0:000  3. [change HDAS to HDEF]: pattern 48444153, bin not found / already patched!
33:385  0:000  4. [change HECI to IMEI]: pattern 48454349, bin not found / already patched!
33:385  0:000  5. [change MEI to IMEI]: pattern 4D45495F, bin not found / already patched!
33:385  0:000    0 replacements
33:385  0:000  Found OperationRegion(MENV, SystemMemory, BD27DF98, ...)
33:385  0:000  0. [change _OSI to XOSI]: disabled
33:385  0:000  1. [change EHC1 to EH01]: pattern 45484331, bin not found / already patched!
33:385  0:000  2. [change EHC2 to EH02]: pattern 45484332, bin not found / already patched!
33:385  0:000  3. [change HDAS to HDEF]: pattern 48444153, bin not found / already patched!
33:385  0:000  4. [change HECI to IMEI]: pattern 48454349, bin not found / already patched!
33:385  0:000  5. [change MEI to IMEI]: pattern 4D45495F, bin not found / already patched!
33:385  0:000    0 replacements
33:385  0:000  Found OperationRegion(SANV, SystemMemory, BD27BD98, ...)
33:385  0:000  Found OperationRegion(GPIO, SystemMemory, FDAE0400, ...)
33:385  0:000  0. [change _OSI to XOSI]: disabled
33:385  0:000  1. [change EHC1 to EH01]: pattern 45484331, bin not found / already patched!
33:385  0:000  2. [change EHC2 to EH02]: pattern 45484332, bin not found / already patched!
33:385  0:000  3. [change HDAS to HDEF]: pattern 48444153, bin not found / already patched!
33:385  0:000  4. [change HECI to IMEI]: pattern 48454349, bin not found / already patched!
33:385  0:000  5. [change MEI to IMEI]: pattern 4D45495F, bin not found / already patched!
33:385  0:000    0 replacements
33:385  0:000  0. [change _OSI to XOSI]: disabled
33:385  0:000  1. [change EHC1 to EH01]: pattern 45484331, bin not found / already patched!
33:385  0:000  2. [change EHC2 to EH02]: pattern 45484332, bin not found / already patched!
33:385  0:000  3. [change HDAS to HDEF]: pattern 48444153, bin not found / already patched!
33:385  0:000  4. [change HECI to IMEI]: pattern 48454349, bin not found / already patched!
33:385  0:000  5. [change MEI to IMEI]: pattern 4D45495F, bin not found / already patched!
33:385  0:000    0 replacements
33:385  0:000  0. [change _OSI to XOSI]: disabled
33:385  0:000  1. [change EHC1 to EH01]: pattern 45484331, bin not found / already patched!
33:385  0:000  2. [change EHC2 to EH02]: pattern 45484332, bin not found / already patched!
33:385  0:000  3. [change HDAS to HDEF]: pattern 48444153, bin not found / already patched!
33:385  0:000  4. [change HECI to IMEI]: pattern 48454349, bin not found / already patched!
33:385  0:000  5. [change MEI to IMEI]: pattern 4D45495F, bin not found / already patched!
33:385  0:000    0 replacements
33:385  0:000  0. [change _OSI to XOSI]: disabled
33:385  0:000  1. [change EHC1 to EH01]: pattern 45484331, bin not found / already patched!
33:385  0:000  2. [change EHC2 to EH02]: pattern 45484332, bin not found / already patched!
33:385  0:000  3. [change HDAS to HDEF]: pattern 48444153, bin not found / already patched!
33:385  0:000  4. [change HECI to IMEI]: pattern 48454349, bin not found / already patched!
33:385  0:000  5. [change MEI to IMEI]: pattern 4D45495F, bin not found / already patched!
33:385  0:000    0 replacements
33:385  0:000  0. [change _OSI to XOSI]: disabled
33:385  0:000  1. [change EHC1 to EH01]: pattern 45484331, bin not found / already patched!
33:385  0:000  2. [change EHC2 to EH02]: pattern 45484332, bin not found / already patched!
33:385  0:000  3. [change HDAS to HDEF]: pattern 48444153, bin not found / already patched!
33:385  0:000  4. [change HECI to IMEI]: pattern 48454349, bin not found / already patched!
33:385  0:000  5. [change MEI to IMEI]: pattern 4D45495F, bin not found / already patched!
33:385  0:000    0 replacements
33:385  0:000  0. [change _OSI to XOSI]: disabled
33:385  0:000  1. [change EHC1 to EH01]: pattern 45484331, bin not found / already patched!
33:385  0:000  2. [change EHC2 to EH02]: pattern 45484332, bin not found / already patched!
33:385  0:000  3. [change HDAS to HDEF]: pattern 48444153, bin not found / already patched!
33:385  0:000  4. [change HECI to IMEI]: pattern 48454349, bin not found / already patched!
33:385  0:000  5. [change MEI to IMEI]: pattern 4D45495F, bin not found / already patched!
33:385  0:000    0 replacements
33:385  0:000  0. [change _OSI to XOSI]: disabled
33:385  0:000  1. [change EHC1 to EH01]: pattern 45484331, bin not found / already patched!
33:385  0:000  2. [change EHC2 to EH02]: pattern 45484332, bin not found / already patched!
33:385  0:000  3. [change HDAS to HDEF]: pattern 48444153, bin not found / already patched!
33:385  0:000  4. [change HECI to IMEI]: pattern 48454349, bin not found / already patched!
33:385  0:000  5. [change MEI to IMEI]: pattern 4D45495F, bin not found / already patched!
33:385  0:000    0 replacements
33:385  0:000  0. [change _OSI to XOSI]: disabled
33:385  0:000  1. [change EHC1 to EH01]: pattern 45484331, bin not found / already patched!
33:385  0:000  2. [change EHC2 to EH02]: pattern 45484332, bin not found / already patched!
33:385  0:000  3. [change HDAS to HDEF]: pattern 48444153, bin not found / already patched!
33:385  0:000  4. [change HECI to IMEI]: pattern 48454349, bin not found / already patched!
33:385  0:000  5. [change MEI to IMEI]: pattern 4D45495F, bin not found / already patched!
33:385  0:000    0 replacements
33:385  0:000  0. [change _OSI to XOSI]: disabled
33:385  0:000  1. [change EHC1 to EH01]: pattern 45484331, bin not found / already patched!
33:385  0:000  2. [change EHC2 to EH02]: pattern 45484332, bin not found / already patched!
33:386  0:000  3. [change HDAS to HDEF]: pattern 48444153, bin not found / already patched!
33:386  0:000  4. [change HECI to IMEI]: pattern 48454349, bin not found / already patched!
33:386  0:000  5. [change MEI to IMEI]: pattern 4D45495F, bin not found / already patched!
33:386  0:000    0 replacements
33:386  0:000  Found OperationRegion(PNVS, SystemMemory, AF0B0000, ...)
33:386  0:000  CPUBase=0 and ApicCPUBase=1 ApicCPUNum=8
33:386  0:000  Maximum control=0x17
33:386  0:000  Turbo control=0x20
33:386  0:000  P-States: min 0x8, max 0x20
33:386  0:000  SSDT with plugin-type without P-States is generated
33:386  0:000  Cleanup XSDT: count=33, length=300
33:386  0:000  corrected XSDT count=32, length=292
33:386  0:000  === [ RestSetup macOS ] ===================================
33:386  0:000  EdidDiscovered size=128
33:386  0:000  --- Discovered EDID Table size:128
33:386  0:000  000  |  00  FF  FF  FF  FF  FF  FF  00  09  E5
33:386  0:000  010  |  5D  06  00  00  00  00  01  19  01  04
33:386  0:000  020  |  95  22  13  78  02  24  10  97  59  54
33:386  0:000  030  |  8E  27  1E  50  54  00  00  00  01  01
33:386  0:000  040  |  01  01  01  01  01  01  01  01  01  01
33:386  0:000  050  |  01  01  01  01  3C  37  80  DE  70  38
33:386  0:000  060  |  14  40  30  20  36  00  58  C2  10  00
33:386  0:000  070  |  00  1A  00  00  00  00  00  00  00  00
33:386  0:000  080  |  00  00  00  00  00  00  00  00  00  00
33:386  0:000  090  |  00  00  00  FE  00  42  4F  45  20  48
33:386  0:000  100  |  46  0A  20  20  20  20  20  20  00  00
33:386  0:000  110  |  00  FE  00  4E  56  31  35  36  46  48
33:386  0:000  120  |  4D  2D  4E  34  32  0A  00  6C
33:386  0:000  add device: PciRoot(0x0)/Pci(0x2,0x0)
33:386  0:000     Add key=framebuffer-unifiedmem valuelen=4
33:386  0:000     Add key=framebuffer-stolenmem valuelen=4
33:386  0:000     Add key=framebuffer-portcount valuelen=4
33:386  0:000     Add key=framebuffer-patch-enable valuelen=4
33:386  0:000     Add key=framebuffer-fbmem valuelen=4
33:386  0:000     Add key=framebuffer-con2-index valuelen=4
33:386  0:000     Add key=framebuffer-con2-enable valuelen=4
33:386  0:000     Add key=framebuffer-con1-type valuelen=4
33:386  0:000     Add key=framebuffer-con1-enable valuelen=4
33:386  0:000     Add key=enable-hdmi20 valuelen=4
33:386  0:000     Add key=disable-external-gpu valuelen=4
33:386  0:000     Add key=device-id valuelen=4
33:386  0:000     Add key=AAPL,ig-platform-id valuelen=4
33:386  0:000  Intel HD Graphics 530 [8086:191B] :: PciRoot(0x0)\Pci(0x2,0x0)
33:386  0:000    ig-platform-id = 0x191B0000
33:386  0:000  Intel GFX revision  = 0x6
33:386  0:000   RCBA disabled; cannot use it
33:386  0:000   setting specified layout-id=3 (0x3)
33:386  0:000  stringlength = 4278
33:386  0:000  CurrentMode: Width=1920 Height=1080
33:386  0:000  Beginning FSInjection
FSInjectionInstall ...
- Our FSI_SIMPLE_FILE_SYSTEM_PROTOCOL installed on handle: B1006718
FSInjectionInstall ...
- Our FSI_SIMPLE_FILE_SYSTEM_PROTOCOL installed on handle: B1006718
33:387  0:000  Use origin smbios table type 1 guid.
33:390  0:002    Force kext: System\Library\Extensions\IONetworkingFamily.kext
33:439  0:049      Force PlugIn kext: System\Library\Extensions\IONetworkingFamily.kext\Contents\PlugIns\nvenet.kext
33:457  0:017      Force PlugIn kext: System\Library\Extensions\IONetworkingFamily.kext\Contents\PlugIns\AppleEthernetAquantiaAqtion.kext
33:474  0:016      Force PlugIn kext: System\Library\Extensions\IONetworkingFamily.kext\Contents\PlugIns\AppleBCM5701Ethernet.kext
33:492  0:018      Force PlugIn kext: System\Library\Extensions\IONetworkingFamily.kext\Contents\PlugIns\AppleIntelI210Ethernet.kext
33:509  0:016      Force PlugIn kext: System\Library\Extensions\IONetworkingFamily.kext\Contents\PlugIns\Intel82574L.kext
33:524  0:015      Force PlugIn kext: System\Library\Extensions\IONetworkingFamily.kext\Contents\PlugIns\IOEthernetAVBController.kext
33:539  0:014      Force PlugIn kext: System\Library\Extensions\IONetworkingFamily.kext\Contents\PlugIns\AppleYukon2.kext
33:561  0:021      Force PlugIn kext: System\Library\Extensions\IONetworkingFamily.kext\Contents\PlugIns\AppleEthernetAquantiaAqtionFirmware.kext
33:579  0:018      Force PlugIn kext: System\Library\Extensions\IONetworkingFamily.kext\Contents\PlugIns\AppleIntel8254XEthernet.kext
33:595  0:015      Force PlugIn kext: System\Library\Extensions\IONetworkingFamily.kext\Contents\PlugIns\AppleVmxnet3Ethernet.kext
33:610  0:015      Force PlugIn kext: System\Library\Extensions\IONetworkingFamily.kext\Contents\PlugIns\mDNSOffloadUserClient.kext
33:626  0:016  Preparing kexts injection for arch=x86_64 from EFI\CLOVER\kexts\Other
33:626  0:000  Extra kext: EFI\CLOVER\kexts\Other\RealtekRTL8111.kext (v.2.2.2)
33:629  0:002  Extra kext: EFI\CLOVER\kexts\Other\RealtekRTL8100.kext (v.2.0.1)
33:631  0:002  Extra kext: EFI\CLOVER\kexts\Other\RealtekRTL81xx.kext (v.<null string>)
33:632  0:000  Failed to load extra kext (Info.plist not found): EFI\CLOVER\kexts\Other\RealtekRTL81xx.kext
33:632  0:000  Extra kext: EFI\CLOVER\kexts\Other\WhateverGreen.kext (v.1.2.6)
33:636  0:004  Extra kext: EFI\CLOVER\kexts\Other\VoodooPS2Controller.kext (v.1.8.29)
33:639  0:002    |-- PlugIn kext: EFI\CLOVER\kexts\Other\VoodooPS2Controller.kext\Contents\PlugIns\VoodooPS2Trackpad.kext (v.1.8.29)
33:643  0:003    |-- PlugIn kext: EFI\CLOVER\kexts\Other\VoodooPS2Controller.kext\Contents\PlugIns\VoodooPS2Mouse.kext (v.1.8.29)
33:645  0:002    |-- PlugIn kext: EFI\CLOVER\kexts\Other\VoodooPS2Controller.kext\Contents\PlugIns\VoodooPS2Keyboard.kext (v.1.8.29)
33:649  0:004  Extra kext: EFI\CLOVER\kexts\Other\USBInjectAll.kext (v.0.6.0)
33:739  0:089  Extra kext: EFI\CLOVER\kexts\Other\SATA-RAID-282a.kext (v.0.9.2)
33:740  0:000  Extra kext: EFI\CLOVER\kexts\Other\LPCSensors.kext (v.1440)
33:798  0:058  Extra kext: EFI\CLOVER\kexts\Other\Lilu.kext (v.1.3.2)
33:802  0:003  Extra kext: EFI\CLOVER\kexts\Other\IntelMausiEthernet.kext (v.2.3.0)
33:804  0:002  Extra kext: EFI\CLOVER\kexts\Other\IntelGraphicsFixup.kext (v.1.2.0)
33:807  0:002  Extra kext: EFI\CLOVER\kexts\Other\IntelGraphicsDVMTFixup.kext (v.1.2.0)
33:809  0:002  Extra kext: EFI\CLOVER\kexts\Other\HibernationFixup.kext (v.1.2.4)
33:811  0:002  Extra kext: EFI\CLOVER\kexts\Other\FakeSMC.kext (v.1440)
33:815  0:004  Extra kext: EFI\CLOVER\kexts\Other\FakePCIID_XHCIMux.kext (v.1.3.10)
33:818  0:002  Extra kext: EFI\CLOVER\kexts\Other\FakePCIID_Intel_HD_Graphics.kext (v.1.3.10)
33:821  0:003  Extra kext: EFI\CLOVER\kexts\Other\FakePCIID.kext (v.1.3.11)
33:823  0:001  Extra kext: EFI\CLOVER\kexts\Other\CPUSensors.kext (v.1440)
33:825  0:002  Extra kext: EFI\CLOVER\kexts\Other\AppleALC.kext (v.1.3.5)
33:928  0:102  Extra kext: EFI\CLOVER\kexts\Other\ACPISensors.kext (v.1440)
33:933  0:005  Extra kext: EFI\CLOVER\kexts\Other\ACPIBatteryManager.kext (v.1.80)
33:940  0:007  SetScreenResolution: 1920x1080 - already set
33:940  0:000  Custom boot is disabled
33:941  0:000  Closing log
